<?xml version="1.0" encoding="UTF-8"?>
<coverage generated="1658868954161" clover="3.2.0">
  <project timestamp="1658868954162" name="All files">
    <metrics statements="18" coveredstatements="18" conditionals="0" coveredconditionals="0" methods="10" coveredmethods="10" elements="28" coveredelements="28" complexity="0" loc="18" ncloc="18" packages="1" files="3" classes="3"/>
    <file name="Bank.js" path="/Users/dnm/week10_techtests/techtests/Bank.js">
      <metrics statements="8" coveredstatements="8" conditionals="0" coveredconditionals="0" methods="4" coveredmethods="4"/>
      <line num="1" count="1" type="stmt"/>
      <line num="2" count="1" type="stmt"/>
      <line num="6" count="5" type="stmt"/>
      <line num="7" count="5" type="stmt"/>
      <line num="10" count="5" type="stmt"/>
      <line num="20" count="2" type="stmt"/>
      <line num="31" count="5" type="stmt"/>
      <line num="35" count="1" type="stmt"/>
    </file>
    <file name="Bankdeposit.js" path="/Users/dnm/week10_techtests/techtests/Bankdeposit.js">
      <metrics statements="5" coveredstatements="5" conditionals="0" coveredconditionals="0" methods="3" coveredmethods="3"/>
      <line num="3" count="5" type="stmt"/>
      <line num="4" count="5" type="stmt"/>
      <line num="8" count="10" type="stmt"/>
      <line num="11" count="5" type="stmt"/>
      <line num="14" count="1" type="stmt"/>
    </file>
    <file name="Bankwithdrawal.js" path="/Users/dnm/week10_techtests/techtests/Bankwithdrawal.js">
      <metrics statements="5" coveredstatements="5" conditionals="0" coveredconditionals="0" methods="3" coveredmethods="3"/>
      <line num="3" count="2" type="stmt"/>
      <line num="4" count="2" type="stmt"/>
      <line num="7" count="4" type="stmt"/>
      <line num="11" count="2" type="stmt"/>
      <line num="14" count="1" type="stmt"/>
    </file>
  </project>
</coverage>
