TN:
SF:Bank.js
FN:5,(anonymous_0)
FN:9,(anonymous_1)
FN:19,(anonymous_2)
FN:30,(anonymous_3)
FNF:4
FNH:4
FNDA:5,(anonymous_0)
FNDA:5,(anonymous_1)
FNDA:2,(anonymous_2)
FNDA:5,(anonymous_3)
DA:1,1
DA:2,1
DA:6,5
DA:7,5
DA:10,5
DA:20,2
DA:31,5
DA:35,1
LF:8
LH:8
BRF:0
BRH:0
end_of_record
TN:
SF:Bankdeposit.js
FN:2,(anonymous_0)
FN:7,(anonymous_1)
FN:10,(anonymous_2)
FNF:3
FNH:3
FNDA:5,(anonymous_0)
FNDA:10,(anonymous_1)
FNDA:5,(anonymous_2)
DA:3,5
DA:4,5
DA:8,10
DA:11,5
DA:14,1
LF:5
LH:5
BRF:0
BRH:0
end_of_record
TN:
SF:Bankwithdrawal.js
FN:2,(anonymous_0)
FN:6,(anonymous_1)
FN:10,(anonymous_2)
FNF:3
FNH:3
FNDA:2,(anonymous_0)
FNDA:4,(anonymous_1)
FNDA:2,(anonymous_2)
DA:3,2
DA:4,2
DA:7,4
DA:11,2
DA:14,1
LF:5
LH:5
BRF:0
BRH:0
end_of_record
